DEB [20140424-08:31:45.051] thr=1   paramiko.transport: starting thread (client mode): 0x1fd59d0L
INF [20140424-08:31:45.315] thr=1   paramiko.transport: Connected (version 2.0, client OpenSSH_6.2p2)
DEB [20140424-08:31:45.318] thr=1   paramiko.transport: kex algos:['ecdh-sha2-nistp256', 'ecdh-sha2-nistp384', 'ecdh-sha2-nistp521', 'diffie-hellman-group-exchange-sha256', 'diffie-hellman-group-exchange-sha1', 'diffie-hellman-group14-sha1', 'diffie-hellman-group1-sha1'] server key:['ssh-rsa', 'ssh-dss', 'ecdsa-sha2-nistp256'] client encrypt:['aes128-ctr', 'aes192-ctr', 'aes256-ctr', 'arcfour256', 'arcfour128', 'aes128-gcm@openssh.com', 'aes256-gcm@openssh.com', 'aes128-cbc', '3des-cbc', 'blowfish-cbc', 'cast128-cbc', 'aes192-cbc', 'aes256-cbc', 'arcfour', 'rijndael-cbc@lysator.liu.se'] server encrypt:['aes128-ctr', 'aes192-ctr', 'aes256-ctr', 'arcfour256', 'arcfour128', 'aes128-gcm@openssh.com', 'aes256-gcm@openssh.com', 'aes128-cbc', '3des-cbc', 'blowfish-cbc', 'cast128-cbc', 'aes192-cbc', 'aes256-cbc', 'arcfour', 'rijndael-cbc@lysator.liu.se'] client mac:['hmac-md5-etm@openssh.com', 'hmac-sha1-etm@openssh.com', 'umac-64-etm@openssh.com', 'umac-128-etm@openssh.com', 'hmac-sha2-256-etm@openssh.com', 'hmac-sha2-512-etm@openssh.com', 'hmac-ripemd160-etm@openssh.com', 'hmac-sha1-96-etm@openssh.com', 'hmac-md5-96-etm@openssh.com', 'hmac-md5', 'hmac-sha1', 'umac-64@openssh.com', 'umac-128@openssh.com', 'hmac-sha2-256', 'hmac-sha2-512', 'hmac-ripemd160', 'hmac-ripemd160@openssh.com', 'hmac-sha1-96', 'hmac-md5-96'] server mac:['hmac-md5-etm@openssh.com', 'hmac-sha1-etm@openssh.com', 'umac-64-etm@openssh.com', 'umac-128-etm@openssh.com', 'hmac-sha2-256-etm@openssh.com', 'hmac-sha2-512-etm@openssh.com', 'hmac-ripemd160-etm@openssh.com', 'hmac-sha1-96-etm@openssh.com', 'hmac-md5-96-etm@openssh.com', 'hmac-md5', 'hmac-sha1', 'umac-64@openssh.com', 'umac-128@openssh.com', 'hmac-sha2-256', 'hmac-sha2-512', 'hmac-ripemd160', 'hmac-ripemd160@openssh.com', 'hmac-sha1-96', 'hmac-md5-96'] client compress:['none', 'zlib@openssh.com'] server compress:['none', 'zlib@openssh.com'] client lang:[''] server lang:[''] kex follows?False
DEB [20140424-08:31:45.319] thr=1   paramiko.transport: Ciphers agreed: local=aes128-ctr, remote=aes128-ctr
DEB [20140424-08:31:45.319] thr=1   paramiko.transport: using kex diffie-hellman-group1-sha1; server key type ssh-rsa; cipher: local aes128-ctr, remote aes128-ctr; mac: local hmac-sha1, remote hmac-sha1; compression: local none, remote none
DEB [20140424-08:31:45.338] thr=1   paramiko.transport: Switch to new keys ...
DEB [20140424-08:31:45.357] thr=2   paramiko.transport: Adding ssh-rsa host key for 10.2.105.176: 2f352797b69a1f5b9bd4090518837773
DEB [20140424-08:31:45.358] thr=2   paramiko.transport: Trying SSH key a8d0d14c895ff4dd614b7ab6df6ac5d3
DEB [20140424-08:31:45.378] thr=1   paramiko.transport: userauth is OK
INF [20140424-08:31:45.443] thr=1   paramiko.transport: Authentication (publickey) successful!
DEB [20140424-08:31:45.460] thr=2   paramiko.transport: [chan 1] Max packet in: 34816 bytes
DEB [20140424-08:31:48.870] thr=1   paramiko.transport: [chan 1] Max packet out: 32768 bytes
INF [20140424-08:31:48.870] thr=1   paramiko.transport: Secsh channel 1 opened.
DEB [20140424-08:31:48.877] thr=1   paramiko.transport: [chan 1] Sesch channel 1 request ok
DEB [20140424-08:31:49.016] thr=1   paramiko.transport: [chan 1] EOF received (1)
DEB [20140424-08:31:49.018] thr=1   paramiko.transport: [chan 1] EOF sent (1)
DEB [20140424-08:31:49.020] thr=2   paramiko.transport: [chan 2] Max packet in: 34816 bytes
DEB [20140424-08:31:49.062] thr=1   paramiko.transport: [chan 2] Max packet out: 32768 bytes
INF [20140424-08:31:49.062] thr=1   paramiko.transport: Secsh channel 2 opened.
DEB [20140424-08:31:49.088] thr=1   paramiko.transport: [chan 2] Sesch channel 2 request ok
DEB [20140424-08:31:49.223] thr=1   paramiko.transport: [chan 2] EOF received (2)
DEB [20140424-08:31:49.225] thr=2   paramiko.transport: [chan 3] Max packet in: 34816 bytes
DEB [20140424-08:31:49.226] thr=1   paramiko.transport: [chan 2] EOF sent (2)
DEB [20140424-08:31:49.229] thr=1   paramiko.transport: [chan 3] Max packet out: 32768 bytes
INF [20140424-08:31:49.229] thr=1   paramiko.transport: Secsh channel 3 opened.
DEB [20140424-08:31:49.267] thr=1   paramiko.transport: [chan 3] Sesch channel 3 request ok
DEB [20140424-08:31:49.401] thr=1   paramiko.transport: [chan 3] EOF received (3)
DEB [20140424-08:31:49.403] thr=2   paramiko.transport: [chan 4] Max packet in: 34816 bytes
DEB [20140424-08:31:49.405] thr=1   paramiko.transport: [chan 3] EOF sent (3)
DEB [20140424-08:31:49.407] thr=1   paramiko.transport: [chan 4] Max packet out: 32768 bytes
INF [20140424-08:31:49.407] thr=1   paramiko.transport: Secsh channel 4 opened.
DEB [20140424-08:31:49.447] thr=1   paramiko.transport: [chan 4] Sesch channel 4 request ok
DEB [20140424-08:31:49.582] thr=1   paramiko.transport: [chan 4] EOF received (4)
DEB [20140424-08:31:49.584] thr=2   paramiko.transport: [chan 5] Max packet in: 34816 bytes
DEB [20140424-08:31:49.585] thr=1   paramiko.transport: [chan 4] EOF sent (4)
DEB [20140424-08:31:49.588] thr=1   paramiko.transport: [chan 5] Max packet out: 32768 bytes
INF [20140424-08:31:49.588] thr=1   paramiko.transport: Secsh channel 5 opened.
DEB [20140424-08:31:49.627] thr=1   paramiko.transport: [chan 5] Sesch channel 5 request ok
DEB [20140424-08:31:49.762] thr=1   paramiko.transport: [chan 5] EOF received (5)
DEB [20140424-08:31:49.765] thr=1   paramiko.transport: [chan 5] EOF sent (5)
DEB [20140424-08:31:49.765] thr=2   paramiko.transport: [chan 6] Max packet in: 34816 bytes
DEB [20140424-08:31:49.806] thr=1   paramiko.transport: [chan 6] Max packet out: 32768 bytes
INF [20140424-08:31:49.806] thr=1   paramiko.transport: Secsh channel 6 opened.
DEB [20140424-08:31:49.833] thr=1   paramiko.transport: [chan 6] Sesch channel 6 request ok
DEB [20140424-08:31:49.970] thr=1   paramiko.transport: [chan 6] EOF received (6)
DEB [20140424-08:31:49.973] thr=2   paramiko.transport: [chan 7] Max packet in: 34816 bytes
DEB [20140424-08:31:49.974] thr=1   paramiko.transport: [chan 6] EOF sent (6)
DEB [20140424-08:31:49.976] thr=1   paramiko.transport: [chan 7] Max packet out: 32768 bytes
INF [20140424-08:31:49.977] thr=1   paramiko.transport: Secsh channel 7 opened.
DEB [20140424-08:31:50.015] thr=1   paramiko.transport: [chan 7] Sesch channel 7 request ok
DEB [20140424-08:31:50.150] thr=1   paramiko.transport: [chan 7] EOF received (7)
DEB [20140424-08:31:50.152] thr=1   paramiko.transport: [chan 7] EOF sent (7)
DEB [20140424-08:31:50.153] thr=1   paramiko.transport: Dropping user packet because connection is dead.
DEB [20140424-08:31:50.153] thr=1   paramiko.transport: Dropping user packet because connection is dead.
