# TRACY II v. SYNCHROTRON SOLEIL -- chambre.out -- Wed Mar 17 19:37:56 2004 
#  i  name      s   -xch(mm)   +xch(mm)  zch (mm)
#
   1  debut    0.00  -35.000   35.000    7.000
   2  sd1a     0.90  -35.000   35.000    7.000
   3  ssep     0.90  -25.000   25.000    7.000
   4  sep      1.10  -25.000   25.000    7.000
   5  sep      1.30  -25.000   25.000    7.000
   6  sep      1.50  -25.000   25.000    7.000
   7  esep     1.50  -35.000   35.000    7.000
   8  sd1c     5.20  -35.000   35.000    7.000
   9  ehu60    5.20  -35.000   35.000   12.500
  10  sd1d     6.00  -35.000   35.000   12.500
  11  qp1      6.16  -35.000   35.000   12.500
  12  qp1      6.32  -35.000   35.000   12.500
  13  sd2      6.71  -35.000   35.000   12.500
  14  sx1      6.71  -35.000   35.000   12.500
  15  sd3      6.91  -35.000   35.000   12.500
  16  qp2      7.14  -35.000   35.000   12.500
  17  qp2      7.37  -35.000   35.000   12.500
  18  sd14     7.96  -35.000   35.000   12.500
  19  qp3      8.12  -35.000   35.000   12.500
  20  qp3      8.28  -35.000   35.000   12.500
  21  sd5      8.48  -35.000   35.000   12.500
  22  sx2      8.48  -35.000   35.000   12.500
  23  sd6      9.27  -35.000   35.000   12.500
  24  bend2    9.45  -35.000   35.000   12.500
  25  bend3    9.62  -35.000   35.000   12.500
  26  bend3    9.80  -35.000   35.000   12.500
  27  bend3    9.97  -35.000   35.000   12.500
  28  bend3   10.15  -35.000   35.000   12.500
  29  bend4   10.32  -35.000   35.000   12.500
  30  sd7     10.76  -35.000   35.000   12.500
  31  qp4     10.92  -35.000   35.000   12.500
  32  qp4     11.08  -35.000   35.000   12.500
  33  sd8     11.28  -35.000   35.000   12.500
  34  sx3     11.28  -35.000   35.000   12.500
  35  sd9     11.76  -35.000   35.000   12.500
  36  qp5     11.92  -35.000   35.000   12.500
  37  qp5     12.08  -35.000   35.000   12.500
  38  sd12    12.55  -35.000   35.000   12.500
  39  sx4     12.55  -35.000   35.000   12.500
  40  sd10    13.02  -35.000   35.000   12.500
  41  qp5     13.18  -35.000   35.000   12.500
  42  qp5     13.34  -35.000   35.000   12.500
  43  sd9     13.82  -35.000   35.000   12.500
  44  sx3     13.82  -35.000   35.000   12.500
  45  sd8     14.02  -35.000   35.000   12.500
  46  qp4     14.18  -35.000   35.000   12.500
  47  qp4     14.34  -35.000   35.000   12.500
  48  sd7     14.78  -35.000   35.000   12.500
  49  bend2   14.95  -35.000   35.000   12.500
  50  bend3   15.13  -35.000   35.000   12.500
  51  bend3   15.30  -35.000   35.000   12.500
  52  bend3   15.48  -35.000   35.000   12.500
  53  bend3   15.65  -35.000   35.000   12.500
  54  bend4   15.83  -35.000   35.000   12.500
  55  sd7     16.27  -35.000   35.000   12.500
  56  qp6     16.43  -35.000   35.000   12.500
  57  qp6     16.59  -35.000   35.000   12.500
  58  sd5     16.79  -35.000   35.000   12.500
  59  sx5     16.79  -35.000   35.000   12.500
  60  sd4     17.18  -35.000   35.000   12.500
  61  qp7     17.41  -35.000   35.000   12.500
  62  qp7     17.64  -35.000   35.000   12.500
  63  sd3     17.84  -35.000   35.000   12.500
  64  sx6     17.84  -35.000   35.000   12.500
  65  sd2     18.23  -35.000   35.000   12.500
  66  qp8     18.39  -35.000   35.000   12.500
  67  qp8     18.55  -35.000   35.000   12.500
  68  sd13c   19.28  -35.000   35.000   12.500
  69  ssdm    19.28  -21.000   21.000    5.000
  70  sd13a   19.48  -21.000   21.000    5.000
  71  sd13a   19.68  -21.000   21.000    5.000
  72  sd13a   19.88  -21.000   21.000    5.000
  73  sd13a   20.08  -21.000   21.000    5.000
  74  sd13a   20.28  -21.000   21.000    5.000
  75  sd13a   20.48  -21.000   21.000    5.000
  76  sd13a   20.68  -21.000   21.000    5.000
  77  sd13a   20.88  -21.000   21.000    5.000
  78  sd13a   21.08  -21.000   21.000    5.000
  79  sd13a   21.28  -21.000   21.000    5.000
  80  sd13a   21.48  -21.000   21.000    5.000
  81  sd13a   21.68  -21.000   21.000    5.000
  82  sd13a   21.88  -21.000   21.000    5.000
  83  sd13b   22.03  -21.000   21.000    5.000
  84  sd13b   22.18  -21.000   21.000    5.000
  85  sd13a   22.38  -21.000   21.000    5.000
  86  sd13a   22.58  -21.000   21.000    5.000
  87  sd13a   22.78  -21.000   21.000    5.000
  88  sd13a   22.98  -21.000   21.000    5.000
  89  sd13a   23.18  -21.000   21.000    5.000
  90  sd13a   23.38  -21.000   21.000    5.000
  91  sd13a   23.58  -21.000   21.000    5.000
  92  sd13a   23.78  -21.000   21.000    5.000
  93  sd13a   23.98  -21.000   21.000    5.000
  94  sd13a   24.18  -21.000   21.000    5.000
  95  sd13a   24.38  -21.000   21.000    5.000
  96  sd13a   24.58  -21.000   21.000    5.000
  97  sd13a   24.78  -21.000   21.000    5.000
  98  esdm    24.78  -21.000   21.000    5.000
  99  eesdm   24.78  -35.000   35.000   12.500
 100  sd13c   25.51  -35.000   35.000   12.500
 101  qp8     25.67  -35.000   35.000   12.500
 102  qp8     25.83  -35.000   35.000   12.500
 103  sd2     26.22  -35.000   35.000   12.500
 104  sx8     26.22  -35.000   35.000   12.500
 105  sd3     26.42  -35.000   35.000   12.500
 106  qp7     26.65  -35.000   35.000   12.500
 107  qp7     26.88  -35.000   35.000   12.500
 108  sd4     27.27  -35.000   35.000   12.500
 109  sx7     27.27  -35.000   35.000   12.500
 110  sd5     27.47  -35.000   35.000   12.500
 111  qp6     27.63  -35.000   35.000   12.500
 112  qp6     27.79  -35.000   35.000   12.500
 113  sd7     28.23  -35.000   35.000   12.500
 114  bend2   28.41  -35.000   35.000   12.500
 115  bend3   28.58  -35.000   35.000   12.500
 116  bend3   28.76  -35.000   35.000   12.500
 117  bend3   28.93  -35.000   35.000   12.500
 118  bend3   29.11  -35.000   35.000   12.500
 119  bend4   29.29  -35.000   35.000   12.500
 120  sd7     29.73  -35.000   35.000   12.500
 121  qp9     29.89  -35.000   35.000   12.500
 122  qp9     30.05  -35.000   35.000   12.500
 123  sd8     30.25  -35.000   35.000   12.500
 124  sx9     30.25  -35.000   35.000   12.500
 125  sd9     30.72  -35.000   35.000   12.500
 126  qp10    30.88  -35.000   35.000   12.500
 127  qp10    31.04  -35.000   35.000   12.500
 128  sd8     31.24  -35.000   35.000   12.500
 129  sx10    31.24  -35.000   35.000   12.500
 130  sdac1   32.25  -35.000   35.000   12.500
 131  ssdac   32.25  -35.000   35.000    2.500
 132  sdac2   32.45  -35.000   35.000    2.500
 133  sdac2   32.65  -35.000   35.000    2.500
 134  sdac2   32.85  -35.000   35.000    2.500
 135  sdac2   33.05  -35.000   35.000    2.500
 136  sdac2   33.25  -35.000   35.000    2.500
 137  sdac2   33.45  -35.000   35.000    2.500
 138  sdac2   33.65  -35.000   35.000    2.500
 139  sdac2   33.85  -35.000   35.000    2.500
 140  sdac2   34.05  -35.000   35.000    2.500
 141  esdac   34.05  -35.000   35.000   12.500
 142  sdac1   35.05  -35.000   35.000   12.500
 143  sx10    35.05  -35.000   35.000   12.500
 144  sd8     35.25  -35.000   35.000   12.500
 145  qp10    35.41  -35.000   35.000   12.500
 146  qp10    35.57  -35.000   35.000   12.500
 147  sd9     36.05  -35.000   35.000   12.500
 148  sx9     36.05  -35.000   35.000   12.500
 149  sd8     36.25  -35.000   35.000   12.500
 150  qp9     36.41  -35.000   35.000   12.500
 151  qp9     36.57  -35.000   35.000   12.500
 152  sd7     37.01  -35.000   35.000   12.500
 153  bend2   37.18  -35.000   35.000   12.500
 154  bend3   37.36  -35.000   35.000   12.500
 155  bend3   37.53  -35.000   35.000   12.500
 156  bend3   37.71  -35.000   35.000   12.500
 157  bend3   37.88  -35.000   35.000   12.500
 158  bend4   38.06  -35.000   35.000   12.500
 159  sd7     38.50  -35.000   35.000   12.500
 160  qp6     38.66  -35.000   35.000   12.500
 161  qp6     38.82  -35.000   35.000   12.500
 162  sd5     39.02  -35.000   35.000   12.500
 163  sx7     39.02  -35.000   35.000   12.500
 164  sd4     39.41  -35.000   35.000   12.500
 165  qp7     39.64  -35.000   35.000   12.500
 166  qp7     39.87  -35.000   35.000   12.500
 167  sd3     40.07  -35.000   35.000   12.500
 168  sx8     40.07  -35.000   35.000   12.500
 169  sd2     40.46  -35.000   35.000   12.500
 170  qp8     40.62  -35.000   35.000   12.500
 171  qp8     40.78  -35.000   35.000   12.500
 172  sd13    44.26  -35.000   35.000   12.500
 173  sd13    47.74  -35.000   35.000   12.500
 174  qp8     47.90  -35.000   35.000   12.500
 175  qp8     48.06  -35.000   35.000   12.500
 176  sd2     48.45  -35.000   35.000   12.500
 177  sx8     48.45  -35.000   35.000   12.500
 178  sd3     48.65  -35.000   35.000   12.500
 179  qp7     48.88  -35.000   35.000   12.500
 180  qp7     49.11  -35.000   35.000   12.500
 181  sd4     49.50  -35.000   35.000   12.500
 182  sx7     49.50  -35.000   35.000   12.500
 183  sd5     49.70  -35.000   35.000   12.500
 184  qp6     49.86  -35.000   35.000   12.500
 185  qp6     50.02  -35.000   35.000   12.500
 186  sd7     50.46  -35.000   35.000   12.500
 187  bend2   50.64  -35.000   35.000   12.500
 188  bend3   50.82  -35.000   35.000   12.500
 189  bend3   50.99  -35.000   35.000   12.500
 190  bend3   51.17  -35.000   35.000   12.500
 191  bend3   51.34  -35.000   35.000   12.500
 192  bend4   51.52  -35.000   35.000   12.500
 193  sd7     51.96  -35.000   35.000   12.500
 194  qp9     52.12  -35.000   35.000   12.500
 195  qp9     52.28  -35.000   35.000   12.500
 196  sd8     52.48  -35.000   35.000   12.500
 197  sx9     52.48  -35.000   35.000   12.500
 198  sd9     52.95  -35.000   35.000   12.500
 199  qp10    53.11  -35.000   35.000   12.500
 200  qp10    53.27  -35.000   35.000   12.500
 201  sd8     53.47  -35.000   35.000   12.500
 202  sx10    53.47  -35.000   35.000   12.500
 203  sdac    55.38  -35.000   35.000   12.500
 204  sdac    57.28  -35.000   35.000   12.500
 205  sx10    57.28  -35.000   35.000   12.500
 206  sd8     57.48  -35.000   35.000   12.500
 207  qp10    57.64  -35.000   35.000   12.500
 208  qp10    57.80  -35.000   35.000   12.500
 209  sd9     58.28  -35.000   35.000   12.500
 210  sx9     58.28  -35.000   35.000   12.500
 211  sd8     58.48  -35.000   35.000   12.500
 212  qp9     58.64  -35.000   35.000   12.500
 213  qp9     58.80  -35.000   35.000   12.500
 214  sd7     59.24  -35.000   35.000   12.500
 215  bend2   59.41  -35.000   35.000   12.500
 216  bend3   59.59  -35.000   35.000   12.500
 217  bend3   59.77  -35.000   35.000   12.500
 218  bend3   59.94  -35.000   35.000   12.500
 219  bend3   60.12  -35.000   35.000   12.500
 220  bend4   60.29  -35.000   35.000   12.500
 221  sd7     60.73  -35.000   35.000   12.500
 222  qp6     60.89  -35.000   35.000   12.500
 223  qp6     61.05  -35.000   35.000   12.500
 224  sd5     61.25  -35.000   35.000   12.500
 225  sx7     61.25  -35.000   35.000   12.500
 226  sd4     61.64  -35.000   35.000   12.500
 227  qp7     61.87  -35.000   35.000   12.500
 228  qp7     62.10  -35.000   35.000   12.500
 229  sd3     62.30  -35.000   35.000   12.500
 230  sx8     62.30  -35.000   35.000   12.500
 231  sd2     62.69  -35.000   35.000   12.500
 232  qp8     62.85  -35.000   35.000   12.500
 233  qp8     63.01  -35.000   35.000   12.500
 234  sd13    66.49  -35.000   35.000   12.500
 235  sd13    69.98  -35.000   35.000   12.500
 236  qp8     70.14  -35.000   35.000   12.500
 237  qp8     70.30  -35.000   35.000   12.500
 238  sd2     70.69  -35.000   35.000   12.500
 239  sx6     70.69  -35.000   35.000   12.500
 240  sd3     70.89  -35.000   35.000   12.500
 241  qp7     71.12  -35.000   35.000   12.500
 242  qp7     71.35  -35.000   35.000   12.500
 243  sd4     71.74  -35.000   35.000   12.500
 244  sx5     71.74  -35.000   35.000   12.500
 245  sd5     71.94  -35.000   35.000   12.500
 246  qp6     72.10  -35.000   35.000   12.500
 247  qp6     72.26  -35.000   35.000   12.500
 248  sd7     72.70  -35.000   35.000   12.500
 249  bend2   72.87  -35.000   35.000   12.500
 250  bend3   73.05  -35.000   35.000   12.500
 251  bend3   73.22  -35.000   35.000   12.500
 252  bend3   73.40  -35.000   35.000   12.500
 253  bend3   73.57  -35.000   35.000   12.500
 254  bend4   73.75  -35.000   35.000   12.500
 255  sd7     74.19  -35.000   35.000   12.500
 256  qp4     74.35  -35.000   35.000   12.500
 257  qp4     74.51  -35.000   35.000   12.500
 258  sd8     74.71  -35.000   35.000   12.500
 259  sx3     74.71  -35.000   35.000   12.500
 260  sd9     75.19  -35.000   35.000   12.500
 261  qp5     75.35  -35.000   35.000   12.500
 262  qp5     75.51  -35.000   35.000   12.500
 263  sd10    75.98  -35.000   35.000   12.500
 264  sx4     75.98  -35.000   35.000   12.500
 265  sd12    76.45  -35.000   35.000   12.500
 266  qp5     76.61  -35.000   35.000   12.500
 267  qp5     76.77  -35.000   35.000   12.500
 268  sd9     77.24  -35.000   35.000   12.500
 269  sx3     77.24  -35.000   35.000   12.500
 270  sd8     77.44  -35.000   35.000   12.500
 271  qp4     77.60  -35.000   35.000   12.500
 272  qp4     77.76  -35.000   35.000   12.500
 273  sd7     78.20  -35.000   35.000   12.500
 274  bend2   78.38  -35.000   35.000   12.500
 275  bend3   78.55  -35.000   35.000   12.500
 276  bend3   78.73  -35.000   35.000   12.500
 277  bend3   78.90  -35.000   35.000   12.500
 278  bend3   79.08  -35.000   35.000   12.500
 279  bend4   79.25  -35.000   35.000   12.500
 280  sd6     80.04  -35.000   35.000   12.500
 281  sx2     80.04  -35.000   35.000   12.500
 282  sd5     80.24  -35.000   35.000   12.500
 283  qp3     80.40  -35.000   35.000   12.500
 284  qp3     80.56  -35.000   35.000   12.500
 285  sd14    81.15  -35.000   35.000   12.500
 286  qp2     81.38  -35.000   35.000   12.500
 287  qp2     81.61  -35.000   35.000   12.500
 288  sd3     81.81  -35.000   35.000   12.500
 289  sx1     81.81  -35.000   35.000   12.500
 290  sd2     82.20  -35.000   35.000   12.500
 291  qp1     82.36  -35.000   35.000   12.500
 292  qp1     82.52  -35.000   35.000   12.500
 293  sd1     88.52  -35.000   35.000   12.500
 294  sd1     94.52  -35.000   35.000   12.500
 295  qp1     94.68  -35.000   35.000   12.500
 296  qp1     94.84  -35.000   35.000   12.500
 297  sd2     95.23  -35.000   35.000   12.500
 298  sx1     95.23  -35.000   35.000   12.500
 299  sd3     95.43  -35.000   35.000   12.500
 300  qp2     95.66  -35.000   35.000   12.500
 301  qp2     95.89  -35.000   35.000   12.500
 302  sd14    96.48  -35.000   35.000   12.500
 303  qp3     96.64  -35.000   35.000   12.500
 304  qp3     96.80  -35.000   35.000   12.500
 305  sd5     97.00  -35.000   35.000   12.500
 306  sx2     97.00  -35.000   35.000   12.500
 307  sd6     97.79  -35.000   35.000   12.500
 308  bend2   97.97  -35.000   35.000   12.500
 309  bend3   98.14  -35.000   35.000   12.500
 310  bend3   98.32  -35.000   35.000   12.500
 311  bend3   98.50  -35.000   35.000   12.500
 312  bend3   98.67  -35.000   35.000   12.500
 313  bend4   98.85  -35.000   35.000   12.500
 314  sd7     99.29  -35.000   35.000   12.500
 315  qp4     99.45  -35.000   35.000   12.500
 316  qp4     99.61  -35.000   35.000   12.500
 317  sd8     99.81  -35.000   35.000   12.500
 318  sx3     99.81  -35.000   35.000   12.500
 319  sd9    100.28  -35.000   35.000   12.500
 320  qp5    100.44  -35.000   35.000   12.500
 321  qp5    100.60  -35.000   35.000   12.500
 322  sd12   101.07  -35.000   35.000   12.500
 323  sx4    101.07  -35.000   35.000   12.500
 324  sd10   101.54  -35.000   35.000   12.500
 325  qp5    101.70  -35.000   35.000   12.500
 326  qp5    101.86  -35.000   35.000   12.500
 327  sd9    102.34  -35.000   35.000   12.500
 328  sx3    102.34  -35.000   35.000   12.500
 329  sd8    102.54  -35.000   35.000   12.500
 330  qp4    102.70  -35.000   35.000   12.500
 331  qp4    102.86  -35.000   35.000   12.500
 332  sd7    103.30  -35.000   35.000   12.500
 333  bend2  103.47  -35.000   35.000   12.500
 334  bend3  103.65  -35.000   35.000   12.500
 335  bend3  103.83  -35.000   35.000   12.500
 336  bend3  104.00  -35.000   35.000   12.500
 337  bend3  104.18  -35.000   35.000   12.500
 338  bend4  104.35  -35.000   35.000   12.500
 339  sd7    104.79  -35.000   35.000   12.500
 340  qp6    104.95  -35.000   35.000   12.500
 341  qp6    105.11  -35.000   35.000   12.500
 342  sd5    105.31  -35.000   35.000   12.500
 343  sx5    105.31  -35.000   35.000   12.500
 344  sd4    105.70  -35.000   35.000   12.500
 345  qp7    105.93  -35.000   35.000   12.500
 346  qp7    106.16  -35.000   35.000   12.500
 347  sd3    106.36  -35.000   35.000   12.500
 348  sx6    106.36  -35.000   35.000   12.500
 349  sd2    106.75  -35.000   35.000   12.500
 350  qp8    106.91  -35.000   35.000   12.500
 351  qp8    107.07  -35.000   35.000   12.500
 352  sd13   110.55  -35.000   35.000   12.500
 353  sd13   114.04  -35.000   35.000   12.500
 354  qp8    114.20  -35.000   35.000   12.500
 355  qp8    114.36  -35.000   35.000   12.500
 356  sd2    114.75  -35.000   35.000   12.500
 357  sx8    114.75  -35.000   35.000   12.500
 358  sd3    114.95  -35.000   35.000   12.500
 359  qp7    115.18  -35.000   35.000   12.500
 360  qp7    115.41  -35.000   35.000   12.500
 361  sd4    115.80  -35.000   35.000   12.500
 362  sx7    115.80  -35.000   35.000   12.500
 363  sd5    116.00  -35.000   35.000   12.500
 364  qp6    116.16  -35.000   35.000   12.500
 365  qp6    116.32  -35.000   35.000   12.500
 366  sd7    116.76  -35.000   35.000   12.500
 367  bend2  116.93  -35.000   35.000   12.500
 368  bend3  117.11  -35.000   35.000   12.500
 369  bend3  117.28  -35.000   35.000   12.500
 370  bend3  117.46  -35.000   35.000   12.500
 371  bend3  117.63  -35.000   35.000   12.500
 372  bend4  117.81  -35.000   35.000   12.500
 373  sd7    118.25  -35.000   35.000   12.500
 374  qp9    118.41  -35.000   35.000   12.500
 375  qp9    118.57  -35.000   35.000   12.500
 376  sd8    118.77  -35.000   35.000   12.500
 377  sx9    118.77  -35.000   35.000   12.500
 378  sd9    119.25  -35.000   35.000   12.500
 379  qp10   119.41  -35.000   35.000   12.500
 380  qp10   119.57  -35.000   35.000   12.500
 381  sd8    119.77  -35.000   35.000   12.500
 382  sx10   119.77  -35.000   35.000   12.500
 383  sdac   121.67  -35.000   35.000   12.500
 384  sdac   123.57  -35.000   35.000   12.500
 385  sx10   123.57  -35.000   35.000   12.500
 386  sd8    123.77  -35.000   35.000   12.500
 387  qp10   123.93  -35.000   35.000   12.500
 388  qp10   124.09  -35.000   35.000   12.500
 389  sd9    124.57  -35.000   35.000   12.500
 390  sx9    124.57  -35.000   35.000   12.500
 391  sd8    124.77  -35.000   35.000   12.500
 392  qp9    124.93  -35.000   35.000   12.500
 393  qp9    125.09  -35.000   35.000   12.500
 394  sd7    125.53  -35.000   35.000   12.500
 395  bend2  125.71  -35.000   35.000   12.500
 396  bend3  125.88  -35.000   35.000   12.500
 397  bend3  126.06  -35.000   35.000   12.500
 398  bend3  126.23  -35.000   35.000   12.500
 399  bend3  126.41  -35.000   35.000   12.500
 400  bend4  126.58  -35.000   35.000   12.500
 401  sd7    127.02  -35.000   35.000   12.500
 402  qp6    127.18  -35.000   35.000   12.500
 403  qp6    127.34  -35.000   35.000   12.500
 404  sd5    127.54  -35.000   35.000   12.500
 405  sx7    127.54  -35.000   35.000   12.500
 406  sd4    127.93  -35.000   35.000   12.500
 407  qp7    128.16  -35.000   35.000   12.500
 408  qp7    128.39  -35.000   35.000   12.500
 409  sd3    128.59  -35.000   35.000   12.500
 410  sx8    128.59  -35.000   35.000   12.500
 411  sd2    128.98  -35.000   35.000   12.500
 412  qp8    129.14  -35.000   35.000   12.500
 413  qp8    129.30  -35.000   35.000   12.500
 414  sd13   132.79  -35.000   35.000   12.500
 415  sd13   136.27  -35.000   35.000   12.500
 416  qp8    136.43  -35.000   35.000   12.500
 417  qp8    136.59  -35.000   35.000   12.500
 418  sd2    136.98  -35.000   35.000   12.500
 419  sx8    136.98  -35.000   35.000   12.500
 420  sd3    137.18  -35.000   35.000   12.500
 421  qp7    137.41  -35.000   35.000   12.500
 422  qp7    137.64  -35.000   35.000   12.500
 423  sd4    138.03  -35.000   35.000   12.500
 424  sx7    138.03  -35.000   35.000   12.500
 425  sd5    138.23  -35.000   35.000   12.500
 426  qp6    138.39  -35.000   35.000   12.500
 427  qp6    138.55  -35.000   35.000   12.500
 428  sd7    138.99  -35.000   35.000   12.500
 429  bend2  139.16  -35.000   35.000   12.500
 430  bend3  139.34  -35.000   35.000   12.500
 431  bend3  139.52  -35.000   35.000   12.500
 432  bend3  139.69  -35.000   35.000   12.500
 433  bend3  139.87  -35.000   35.000   12.500
 434  bend4  140.04  -35.000   35.000   12.500
 435  sd7    140.48  -35.000   35.000   12.500
 436  qp9    140.64  -35.000   35.000   12.500
 437  qp9    140.80  -35.000   35.000   12.500
 438  sd8    141.00  -35.000   35.000   12.500
 439  sx9    141.00  -35.000   35.000   12.500
 440  sd9    141.48  -35.000   35.000   12.500
 441  qp10   141.64  -35.000   35.000   12.500
 442  qp10   141.80  -35.000   35.000   12.500
 443  sd8    142.00  -35.000   35.000   12.500
 444  sx10   142.00  -35.000   35.000   12.500
 445  sdac   143.90  -35.000   35.000   12.500
 446  sdac   145.81  -35.000   35.000   12.500
 447  sx10   145.81  -35.000   35.000   12.500
 448  sd8    146.01  -35.000   35.000   12.500
 449  qp10   146.17  -35.000   35.000   12.500
 450  qp10   146.33  -35.000   35.000   12.500
 451  sd9    146.80  -35.000   35.000   12.500
 452  sx9    146.80  -35.000   35.000   12.500
 453  sd8    147.00  -35.000   35.000   12.500
 454  qp9    147.16  -35.000   35.000   12.500
 455  qp9    147.32  -35.000   35.000   12.500
 456  sd7    147.76  -35.000   35.000   12.500
 457  bend2  147.94  -35.000   35.000   12.500
 458  bend3  148.11  -35.000   35.000   12.500
 459  bend3  148.29  -35.000   35.000   12.500
 460  bend3  148.46  -35.000   35.000   12.500
 461  bend3  148.64  -35.000   35.000   12.500
 462  bend4  148.82  -35.000   35.000   12.500
 463  sd7    149.26  -35.000   35.000   12.500
 464  qp6    149.42  -35.000   35.000   12.500
 465  qp6    149.58  -35.000   35.000   12.500
 466  sd5    149.78  -35.000   35.000   12.500
 467  sx7    149.78  -35.000   35.000   12.500
 468  sd4    150.17  -35.000   35.000   12.500
 469  qp7    150.40  -35.000   35.000   12.500
 470  qp7    150.63  -35.000   35.000   12.500
 471  sd3    150.83  -35.000   35.000   12.500
 472  sx8    150.83  -35.000   35.000   12.500
 473  sd2    151.22  -35.000   35.000   12.500
 474  qp8    151.38  -35.000   35.000   12.500
 475  qp8    151.54  -35.000   35.000   12.500
 476  sd13   155.02  -35.000   35.000   12.500
 477  sd13   158.50  -35.000   35.000   12.500
 478  qp8    158.66  -35.000   35.000   12.500
 479  qp8    158.82  -35.000   35.000   12.500
 480  sd2    159.21  -35.000   35.000   12.500
 481  sx6    159.21  -35.000   35.000   12.500
 482  sd3    159.41  -35.000   35.000   12.500
 483  qp7    159.64  -35.000   35.000   12.500
 484  qp7    159.87  -35.000   35.000   12.500
 485  sd4    160.26  -35.000   35.000   12.500
 486  sx5    160.26  -35.000   35.000   12.500
 487  sd5    160.46  -35.000   35.000   12.500
 488  qp6    160.62  -35.000   35.000   12.500
 489  qp6    160.78  -35.000   35.000   12.500
 490  sd7    161.22  -35.000   35.000   12.500
 491  bend2  161.40  -35.000   35.000   12.500
 492  bend3  161.57  -35.000   35.000   12.500
 493  bend3  161.75  -35.000   35.000   12.500
 494  bend3  161.92  -35.000   35.000   12.500
 495  bend3  162.10  -35.000   35.000   12.500
 496  bend4  162.27  -35.000   35.000   12.500
 497  sd7    162.71  -35.000   35.000   12.500
 498  qp4    162.87  -35.000   35.000   12.500
 499  qp4    163.03  -35.000   35.000   12.500
 500  sd8    163.23  -35.000   35.000   12.500
 501  sx3    163.23  -35.000   35.000   12.500
 502  sd9    163.71  -35.000   35.000   12.500
 503  qp5    163.87  -35.000   35.000   12.500
 504  qp5    164.03  -35.000   35.000   12.500
 505  sd10   164.50  -35.000   35.000   12.500
 506  sx4    164.50  -35.000   35.000   12.500
 507  sd12   164.97  -35.000   35.000   12.500
 508  qp5    165.13  -35.000   35.000   12.500
 509  qp5    165.29  -35.000   35.000   12.500
 510  sd9    165.77  -35.000   35.000   12.500
 511  sx3    165.77  -35.000   35.000   12.500
 512  sd8    165.97  -35.000   35.000   12.500
 513  qp4    166.13  -35.000   35.000   12.500
 514  qp4    166.29  -35.000   35.000   12.500
 515  sd7    166.73  -35.000   35.000   12.500
 516  bend2  166.90  -35.000   35.000   12.500
 517  bend3  167.08  -35.000   35.000   12.500
 518  bend3  167.25  -35.000   35.000   12.500
 519  bend3  167.43  -35.000   35.000   12.500
 520  bend3  167.60  -35.000   35.000   12.500
 521  bend4  167.78  -35.000   35.000   12.500
 522  sd6    168.57  -35.000   35.000   12.500
 523  sx2    168.57  -35.000   35.000   12.500
 524  sd5    168.77  -35.000   35.000   12.500
 525  qp3    168.93  -35.000   35.000   12.500
 526  qp3    169.09  -35.000   35.000   12.500
 527  sd14   169.68  -35.000   35.000   12.500
 528  qp2    169.91  -35.000   35.000   12.500
 529  qp2    170.14  -35.000   35.000   12.500
 530  sd3    170.34  -35.000   35.000   12.500
 531  sx1    170.34  -35.000   35.000   12.500
 532  sd2    170.73  -35.000   35.000   12.500
 533  qp1    170.89  -35.000   35.000   12.500
 534  qp1    171.05  -35.000   35.000   12.500
 535  sd1    177.05  -35.000   35.000   12.500
 536  sd1    183.05  -35.000   35.000   12.500
 537  qp1    183.21  -35.000   35.000   12.500
 538  qp1    183.37  -35.000   35.000   12.500
 539  sd2    183.76  -35.000   35.000   12.500
 540  sx1    183.76  -35.000   35.000   12.500
 541  sd3    183.96  -35.000   35.000   12.500
 542  qp2    184.19  -35.000   35.000   12.500
 543  qp2    184.42  -35.000   35.000   12.500
 544  sd14   185.01  -35.000   35.000   12.500
 545  qp3    185.17  -35.000   35.000   12.500
 546  qp3    185.33  -35.000   35.000   12.500
 547  sd5    185.53  -35.000   35.000   12.500
 548  sx2    185.53  -35.000   35.000   12.500
 549  sd6    186.32  -35.000   35.000   12.500
 550  bend2  186.49  -35.000   35.000   12.500
 551  bend3  186.67  -35.000   35.000   12.500
 552  bend3  186.84  -35.000   35.000   12.500
 553  bend3  187.02  -35.000   35.000   12.500
 554  bend3  187.20  -35.000   35.000   12.500
 555  bend4  187.37  -35.000   35.000   12.500
 556  sd7    187.81  -35.000   35.000   12.500
 557  qp4    187.97  -35.000   35.000   12.500
 558  qp4    188.13  -35.000   35.000   12.500
 559  sd8    188.33  -35.000   35.000   12.500
 560  sx3    188.33  -35.000   35.000   12.500
 561  sd9    188.81  -35.000   35.000   12.500
 562  qp5    188.97  -35.000   35.000   12.500
 563  qp5    189.13  -35.000   35.000   12.500
 564  sd12   189.60  -35.000   35.000   12.500
 565  sx4    189.60  -35.000   35.000   12.500
 566  sd10   190.07  -35.000   35.000   12.500
 567  qp5    190.23  -35.000   35.000   12.500
 568  qp5    190.39  -35.000   35.000   12.500
 569  sd9    190.86  -35.000   35.000   12.500
 570  sx3    190.86  -35.000   35.000   12.500
 571  sd8    191.06  -35.000   35.000   12.500
 572  qp4    191.22  -35.000   35.000   12.500
 573  qp4    191.38  -35.000   35.000   12.500
 574  sd7    191.82  -35.000   35.000   12.500
 575  bend2  192.00  -35.000   35.000   12.500
 576  bend3  192.17  -35.000   35.000   12.500
 577  bend3  192.35  -35.000   35.000   12.500
 578  bend3  192.53  -35.000   35.000   12.500
 579  bend3  192.70  -35.000   35.000   12.500
 580  bend4  192.88  -35.000   35.000   12.500
 581  sd7    193.32  -35.000   35.000   12.500
 582  qp6    193.48  -35.000   35.000   12.500
 583  qp6    193.64  -35.000   35.000   12.500
 584  sd5    193.84  -35.000   35.000   12.500
 585  sx5    193.84  -35.000   35.000   12.500
 586  sd4    194.23  -35.000   35.000   12.500
 587  qp7    194.46  -35.000   35.000   12.500
 588  qp7    194.69  -35.000   35.000   12.500
 589  sd3    194.89  -35.000   35.000   12.500
 590  sx6    194.89  -35.000   35.000   12.500
 591  sd2    195.28  -35.000   35.000   12.500
 592  qp8    195.44  -35.000   35.000   12.500
 593  qp8    195.60  -35.000   35.000   12.500
 594  sd13   199.08  -35.000   35.000   12.500
 595  sd13   202.56  -35.000   35.000   12.500
 596  qp8    202.72  -35.000   35.000   12.500
 597  qp8    202.88  -35.000   35.000   12.500
 598  sd2    203.27  -35.000   35.000   12.500
 599  sx8    203.27  -35.000   35.000   12.500
 600  sd3    203.47  -35.000   35.000   12.500
 601  qp7    203.70  -35.000   35.000   12.500
 602  qp7    203.93  -35.000   35.000   12.500
 603  sd4    204.32  -35.000   35.000   12.500
 604  sx7    204.32  -35.000   35.000   12.500
 605  sd5    204.52  -35.000   35.000   12.500
 606  qp6    204.68  -35.000   35.000   12.500
 607  qp6    204.84  -35.000   35.000   12.500
 608  sd7    205.28  -35.000   35.000   12.500
 609  bend2  205.46  -35.000   35.000   12.500
 610  bend3  205.63  -35.000   35.000   12.500
 611  bend3  205.81  -35.000   35.000   12.500
 612  bend3  205.98  -35.000   35.000   12.500
 613  bend3  206.16  -35.000   35.000   12.500
 614  bend4  206.33  -35.000   35.000   12.500
 615  sd7    206.77  -35.000   35.000   12.500
 616  qp9    206.93  -35.000   35.000   12.500
 617  qp9    207.09  -35.000   35.000   12.500
 618  sd8    207.29  -35.000   35.000   12.500
 619  sx9    207.29  -35.000   35.000   12.500
 620  sd9    207.77  -35.000   35.000   12.500
 621  qp10   207.93  -35.000   35.000   12.500
 622  qp10   208.09  -35.000   35.000   12.500
 623  sd8    208.29  -35.000   35.000   12.500
 624  sx10   208.29  -35.000   35.000   12.500
 625  sdacm  209.29  -35.000   35.000   12.500
 626  u20    211.09  -35.000   35.000   12.500
 627  sdacm  212.10  -35.000   35.000   12.500
 628  sx10   212.10  -35.000   35.000   12.500
 629  sd8    212.30  -35.000   35.000   12.500
 630  qp10   212.46  -35.000   35.000   12.500
 631  qp10   212.62  -35.000   35.000   12.500
 632  sd9    213.10  -35.000   35.000   12.500
 633  sx9    213.10  -35.000   35.000   12.500
 634  sd8    213.30  -35.000   35.000   12.500
 635  qp9    213.46  -35.000   35.000   12.500
 636  qp9    213.62  -35.000   35.000   12.500
 637  sd7    214.06  -35.000   35.000   12.500
 638  bend2  214.23  -35.000   35.000   12.500
 639  bend3  214.41  -35.000   35.000   12.500
 640  bend3  214.58  -35.000   35.000   12.500
 641  bend3  214.76  -35.000   35.000   12.500
 642  bend3  214.93  -35.000   35.000   12.500
 643  bend4  215.11  -35.000   35.000   12.500
 644  sd7    215.55  -35.000   35.000   12.500
 645  qp6    215.71  -35.000   35.000   12.500
 646  qp6    215.87  -35.000   35.000   12.500
 647  sd5    216.07  -35.000   35.000   12.500
 648  sx7    216.07  -35.000   35.000   12.500
 649  sd4    216.46  -35.000   35.000   12.500
 650  qp7    216.69  -35.000   35.000   12.500
 651  qp7    216.92  -35.000   35.000   12.500
 652  sd3    217.12  -35.000   35.000   12.500
 653  sx8    217.12  -35.000   35.000   12.500
 654  sd2    217.51  -35.000   35.000   12.500
 655  qp8    217.67  -35.000   35.000   12.500
 656  qp8    217.83  -35.000   35.000   12.500
 657  sd13   221.31  -35.000   35.000   12.500
 658  sd13   224.79  -35.000   35.000   12.500
 659  qp8    224.95  -35.000   35.000   12.500
 660  qp8    225.11  -35.000   35.000   12.500
 661  sd2    225.50  -35.000   35.000   12.500
 662  sx8    225.50  -35.000   35.000   12.500
 663  sd3    225.70  -35.000   35.000   12.500
 664  qp7    225.93  -35.000   35.000   12.500
 665  qp7    226.16  -35.000   35.000   12.500
 666  sd4    226.55  -35.000   35.000   12.500
 667  sx7    226.55  -35.000   35.000   12.500
 668  sd5    226.75  -35.000   35.000   12.500
 669  qp6    226.91  -35.000   35.000   12.500
 670  qp6    227.07  -35.000   35.000   12.500
 671  sd7    227.51  -35.000   35.000   12.500
 672  bend2  227.69  -35.000   35.000   12.500
 673  bend3  227.86  -35.000   35.000   12.500
 674  bend3  228.04  -35.000   35.000   12.500
 675  bend3  228.21  -35.000   35.000   12.500
 676  bend3  228.39  -35.000   35.000   12.500
 677  bend4  228.57  -35.000   35.000   12.500
 678  sd7    229.01  -35.000   35.000   12.500
 679  qp9    229.17  -35.000   35.000   12.500
 680  qp9    229.33  -35.000   35.000   12.500
 681  sd8    229.53  -35.000   35.000   12.500
 682  sx9    229.53  -35.000   35.000   12.500
 683  sd9    230.00  -35.000   35.000   12.500
 684  qp10   230.16  -35.000   35.000   12.500
 685  qp10   230.32  -35.000   35.000   12.500
 686  sd8    230.52  -35.000   35.000   12.500
 687  sx10   230.52  -35.000   35.000   12.500
 688  sdacm  231.53  -35.000   35.000   12.500
 689  u20    233.33  -35.000   35.000   12.500
 690  sdacm  234.33  -35.000   35.000   12.500
 691  sx10   234.33  -35.000   35.000   12.500
 692  sd8    234.53  -35.000   35.000   12.500
 693  qp10   234.69  -35.000   35.000   12.500
 694  qp10   234.85  -35.000   35.000   12.500
 695  sd9    235.33  -35.000   35.000   12.500
 696  sx9    235.33  -35.000   35.000   12.500
 697  sd8    235.53  -35.000   35.000   12.500
 698  qp9    235.69  -35.000   35.000   12.500
 699  qp9    235.85  -35.000   35.000   12.500
 700  sd7    236.29  -35.000   35.000   12.500
 701  bend2  236.46  -35.000   35.000   12.500
 702  bend3  236.64  -35.000   35.000   12.500
 703  bend3  236.81  -35.000   35.000   12.500
 704  bend3  236.99  -35.000   35.000   12.500
 705  bend3  237.16  -35.000   35.000   12.500
 706  bend4  237.34  -35.000   35.000   12.500
 707  sd7    237.78  -35.000   35.000   12.500
 708  qp6    237.94  -35.000   35.000   12.500
 709  qp6    238.10  -35.000   35.000   12.500
 710  sd5    238.30  -35.000   35.000   12.500
 711  sx7    238.30  -35.000   35.000   12.500
 712  sd4    238.69  -35.000   35.000   12.500
 713  qp7    238.92  -35.000   35.000   12.500
 714  qp7    239.15  -35.000   35.000   12.500
 715  sd3    239.35  -35.000   35.000   12.500
 716  sx8    239.35  -35.000   35.000   12.500
 717  sd2    239.74  -35.000   35.000   12.500
 718  qp8    239.90  -35.000   35.000   12.500
 719  qp8    240.06  -35.000   35.000   12.500
 720  sd13   243.54  -35.000   35.000   12.500
 721  sd13   247.03  -35.000   35.000   12.500
 722  qp8    247.19  -35.000   35.000   12.500
 723  qp8    247.34  -35.000   35.000   12.500
 724  sd2    247.74  -35.000   35.000   12.500
 725  sx6    247.74  -35.000   35.000   12.500
 726  sd3    247.94  -35.000   35.000   12.500
 727  qp7    248.16  -35.000   35.000   12.500
 728  qp7    248.40  -35.000   35.000   12.500
 729  sd4    248.78  -35.000   35.000   12.500
 730  sx5    248.78  -35.000   35.000   12.500
 731  sd5    248.99  -35.000   35.000   12.500
 732  qp6    249.15  -35.000   35.000   12.500
 733  qp6    249.31  -35.000   35.000   12.500
 734  sd7    249.75  -35.000   35.000   12.500
 735  bend2  249.92  -35.000   35.000   12.500
 736  bend3  250.10  -35.000   35.000   12.500
 737  bend3  250.27  -35.000   35.000   12.500
 738  bend3  250.45  -35.000   35.000   12.500
 739  bend3  250.62  -35.000   35.000   12.500
 740  bend4  250.80  -35.000   35.000   12.500
 741  sd7    251.24  -35.000   35.000   12.500
 742  qp4    251.40  -35.000   35.000   12.500
 743  qp4    251.56  -35.000   35.000   12.500
 744  sd8    251.76  -35.000   35.000   12.500
 745  sx3    251.76  -35.000   35.000   12.500
 746  sd9    252.23  -35.000   35.000   12.500
 747  qp5    252.39  -35.000   35.000   12.500
 748  qp5    252.55  -35.000   35.000   12.500
 749  sd10   253.02  -35.000   35.000   12.500
 750  sx4    253.02  -35.000   35.000   12.500
 751  sd12   253.49  -35.000   35.000   12.500
 752  qp5    253.65  -35.000   35.000   12.500
 753  qp5    253.81  -35.000   35.000   12.500
 754  sd9    254.29  -35.000   35.000   12.500
 755  sx3    254.29  -35.000   35.000   12.500
 756  sd8    254.49  -35.000   35.000   12.500
 757  qp4    254.65  -35.000   35.000   12.500
 758  qp4    254.81  -35.000   35.000   12.500
 759  sd7    255.25  -35.000   35.000   12.500
 760  bend2  255.43  -35.000   35.000   12.500
 761  bend3  255.60  -35.000   35.000   12.500
 762  bend3  255.78  -35.000   35.000   12.500
 763  bend3  255.95  -35.000   35.000   12.500
 764  bend3  256.13  -35.000   35.000   12.500
 765  bend4  256.30  -35.000   35.000   12.500
 766  sd6    257.09  -35.000   35.000   12.500
 767  sx2    257.09  -35.000   35.000   12.500
 768  sd5    257.29  -35.000   35.000   12.500
 769  qp3    257.45  -35.000   35.000   12.500
 770  qp3    257.61  -35.000   35.000   12.500
 771  sd14   258.20  -35.000   35.000   12.500
 772  qp2    258.43  -35.000   35.000   12.500
 773  qp2    258.66  -35.000   35.000   12.500
 774  sd3    258.86  -35.000   35.000   12.500
 775  sx1    258.86  -35.000   35.000   12.500
 776  sd2    259.25  -35.000   35.000   12.500
 777  qp1    259.41  -35.000   35.000   12.500
 778  qp1    259.57  -35.000   35.000   12.500
 779  sd1    265.57  -35.000   35.000   12.500
 780  sd1    271.57  -35.000   35.000   12.500
 781  qp1    271.73  -35.000   35.000   12.500
 782  qp1    271.89  -35.000   35.000   12.500
 783  sd2    272.28  -35.000   35.000   12.500
 784  sx1    272.28  -35.000   35.000   12.500
 785  sd3    272.48  -35.000   35.000   12.500
 786  qp2    272.71  -35.000   35.000   12.500
 787  qp2    272.94  -35.000   35.000   12.500
 788  sd14   273.53  -35.000   35.000   12.500
 789  qp3    273.69  -35.000   35.000   12.500
 790  qp3    273.85  -35.000   35.000   12.500
 791  sd5    274.05  -35.000   35.000   12.500
 792  sx2    274.05  -35.000   35.000   12.500
 793  sd6    274.84  -35.000   35.000   12.500
 794  bend2  275.02  -35.000   35.000   12.500
 795  bend3  275.19  -35.000   35.000   12.500
 796  bend3  275.37  -35.000   35.000   12.500
 797  bend3  275.54  -35.000   35.000   12.500
 798  bend3  275.72  -35.000   35.000   12.500
 799  bend4  275.89  -35.000   35.000   12.500
 800  sd7    276.33  -35.000   35.000   12.500
 801  qp4    276.49  -35.000   35.000   12.500
 802  qp4    276.65  -35.000   35.000   12.500
 803  sd8    276.85  -35.000   35.000   12.500
 804  sx3    276.85  -35.000   35.000   12.500
 805  sd9    277.33  -35.000   35.000   12.500
 806  qp5    277.49  -35.000   35.000   12.500
 807  qp5    277.65  -35.000   35.000   12.500
 808  sd12   278.12  -35.000   35.000   12.500
 809  sx4    278.12  -35.000   35.000   12.500
 810  sd10   278.59  -35.000   35.000   12.500
 811  qp5    278.75  -35.000   35.000   12.500
 812  qp5    278.91  -35.000   35.000   12.500
 813  sd9    279.39  -35.000   35.000   12.500
 814  sx3    279.39  -35.000   35.000   12.500
 815  sd8    279.59  -35.000   35.000   12.500
 816  qp4    279.75  -35.000   35.000   12.500
 817  qp4    279.91  -35.000   35.000   12.500
 818  sd7    280.35  -35.000   35.000   12.500
 819  bend2  280.52  -35.000   35.000   12.500
 820  bend3  280.70  -35.000   35.000   12.500
 821  bend3  280.87  -35.000   35.000   12.500
 822  bend3  281.05  -35.000   35.000   12.500
 823  bend3  281.22  -35.000   35.000   12.500
 824  bend4  281.40  -35.000   35.000   12.500
 825  sd7    281.84  -35.000   35.000   12.500
 826  qp6    282.00  -35.000   35.000   12.500
 827  qp6    282.16  -35.000   35.000   12.500
 828  sd5    282.36  -35.000   35.000   12.500
 829  sx5    282.36  -35.000   35.000   12.500
 830  sd4    282.75  -35.000   35.000   12.500
 831  qp7    282.98  -35.000   35.000   12.500
 832  qp7    283.21  -35.000   35.000   12.500
 833  sd3    283.41  -35.000   35.000   12.500
 834  sx6    283.41  -35.000   35.000   12.500
 835  sd2    283.80  -35.000   35.000   12.500
 836  qp8    283.96  -35.000   35.000   12.500
 837  qp8    284.12  -35.000   35.000   12.500
 838  sd13   287.60  -35.000   35.000   12.500
 839  sd13   291.09  -35.000   35.000   12.500
 840  qp8    291.25  -35.000   35.000   12.500
 841  qp8    291.41  -35.000   35.000   12.500
 842  sd2    291.80  -35.000   35.000   12.500
 843  sx8    291.80  -35.000   35.000   12.500
 844  sd3    292.00  -35.000   35.000   12.500
 845  qp7    292.23  -35.000   35.000   12.500
 846  qp7    292.46  -35.000   35.000   12.500
 847  sd4    292.85  -35.000   35.000   12.500
 848  sx7    292.85  -35.000   35.000   12.500
 849  sd5    293.05  -35.000   35.000   12.500
 850  qp6    293.21  -35.000   35.000   12.500
 851  qp6    293.37  -35.000   35.000   12.500
 852  sd7    293.81  -35.000   35.000   12.500
 853  bend2  293.98  -35.000   35.000   12.500
 854  bend3  294.16  -35.000   35.000   12.500
 855  bend3  294.33  -35.000   35.000   12.500
 856  bend3  294.51  -35.000   35.000   12.500
 857  bend3  294.68  -35.000   35.000   12.500
 858  bend4  294.86  -35.000   35.000   12.500
 859  sd7    295.30  -35.000   35.000   12.500
 860  qp9    295.46  -35.000   35.000   12.500
 861  qp9    295.62  -35.000   35.000   12.500
 862  sd8    295.82  -35.000   35.000   12.500
 863  sx9    295.82  -35.000   35.000   12.500
 864  sd9    296.29  -35.000   35.000   12.500
 865  qp10   296.45  -35.000   35.000   12.500
 866  qp10   296.61  -35.000   35.000   12.500
 867  sd8    296.81  -35.000   35.000   12.500
 868  sx10   296.81  -35.000   35.000   12.500
 869  sdacm  297.82  -35.000   35.000   12.500
 870  u20    299.62  -35.000   35.000   12.500
 871  sdacm  300.62  -35.000   35.000   12.500
 872  sx10   300.62  -35.000   35.000   12.500
 873  sd8    300.82  -35.000   35.000   12.500
 874  qp10   300.98  -35.000   35.000   12.500
 875  qp10   301.14  -35.000   35.000   12.500
 876  sd9    301.62  -35.000   35.000   12.500
 877  sx9    301.62  -35.000   35.000   12.500
 878  sd8    301.82  -35.000   35.000   12.500
 879  qp9    301.98  -35.000   35.000   12.500
 880  qp9    302.14  -35.000   35.000   12.500
 881  sd7    302.58  -35.000   35.000   12.500
 882  bend2  302.76  -35.000   35.000   12.500
 883  bend3  302.93  -35.000   35.000   12.500
 884  bend3  303.11  -35.000   35.000   12.500
 885  bend3  303.28  -35.000   35.000   12.500
 886  bend3  303.46  -35.000   35.000   12.500
 887  bend4  303.63  -35.000   35.000   12.500
 888  sd7    304.07  -35.000   35.000   12.500
 889  qp6    304.23  -35.000   35.000   12.500
 890  qp6    304.39  -35.000   35.000   12.500
 891  sd5    304.59  -35.000   35.000   12.500
 892  sx7    304.59  -35.000   35.000   12.500
 893  sd4    304.98  -35.000   35.000   12.500
 894  qp7    305.21  -35.000   35.000   12.500
 895  qp7    305.44  -35.000   35.000   12.500
 896  sd3    305.64  -35.000   35.000   12.500
 897  sx8    305.64  -35.000   35.000   12.500
 898  sd2    306.03  -35.000   35.000   12.500
 899  qp8    306.19  -35.000   35.000   12.500
 900  qp8    306.35  -35.000   35.000   12.500
 901  sd13   309.83  -35.000   35.000   12.500
 902  sd13   313.32  -35.000   35.000   12.500
 903  qp8    313.48  -35.000   35.000   12.500
 904  qp8    313.64  -35.000   35.000   12.500
 905  sd2    314.03  -35.000   35.000   12.500
 906  sx8    314.03  -35.000   35.000   12.500
 907  sd3    314.23  -35.000   35.000   12.500
 908  qp7    314.46  -35.000   35.000   12.500
 909  qp7    314.69  -35.000   35.000   12.500
 910  sd4    315.08  -35.000   35.000   12.500
 911  sx7    315.08  -35.000   35.000   12.500
 912  sd5    315.28  -35.000   35.000   12.500
 913  qp6    315.44  -35.000   35.000   12.500
 914  qp6    315.60  -35.000   35.000   12.500
 915  sd7    316.04  -35.000   35.000   12.500
 916  bend2  316.21  -35.000   35.000   12.500
 917  bend3  316.39  -35.000   35.000   12.500
 918  bend3  316.56  -35.000   35.000   12.500
 919  bend3  316.74  -35.000   35.000   12.500
 920  bend3  316.91  -35.000   35.000   12.500
 921  bend4  317.09  -35.000   35.000   12.500
 922  sd7    317.53  -35.000   35.000   12.500
 923  qp9    317.69  -35.000   35.000   12.500
 924  qp9    317.85  -35.000   35.000   12.500
 925  sd8    318.05  -35.000   35.000   12.500
 926  sx9    318.05  -35.000   35.000   12.500
 927  sd9    318.53  -35.000   35.000   12.500
 928  qp10   318.69  -35.000   35.000   12.500
 929  qp10   318.85  -35.000   35.000   12.500
 930  sd8    319.05  -35.000   35.000   12.500
 931  sx10   319.05  -35.000   35.000   12.500
 932  sdac   320.95  -35.000   35.000   12.500
 933  sdac   322.86  -35.000   35.000   12.500
 934  sx10   322.86  -35.000   35.000   12.500
 935  sd8    323.06  -35.000   35.000   12.500
 936  qp10   323.22  -35.000   35.000   12.500
 937  qp10   323.38  -35.000   35.000   12.500
 938  sd9    323.85  -35.000   35.000   12.500
 939  sx9    323.85  -35.000   35.000   12.500
 940  sd8    324.05  -35.000   35.000   12.500
 941  qp9    324.21  -35.000   35.000   12.500
 942  qp9    324.37  -35.000   35.000   12.500
 943  sd7    324.81  -35.000   35.000   12.500
 944  bend2  324.99  -35.000   35.000   12.500
 945  bend3  325.16  -35.000   35.000   12.500
 946  bend3  325.34  -35.000   35.000   12.500
 947  bend3  325.51  -35.000   35.000   12.500
 948  bend3  325.69  -35.000   35.000   12.500
 949  bend4  325.86  -35.000   35.000   12.500
 950  sd7    326.30  -35.000   35.000   12.500
 951  qp6    326.46  -35.000   35.000   12.500
 952  qp6    326.62  -35.000   35.000   12.500
 953  sd5    326.82  -35.000   35.000   12.500
 954  sx7    326.82  -35.000   35.000   12.500
 955  sd4    327.21  -35.000   35.000   12.500
 956  qp7    327.44  -35.000   35.000   12.500
 957  qp7    327.67  -35.000   35.000   12.500
 958  sd3    327.87  -35.000   35.000   12.500
 959  sx8    327.87  -35.000   35.000   12.500
 960  sd2    328.26  -35.000   35.000   12.500
 961  qp8    328.42  -35.000   35.000   12.500
 962  qp8    328.58  -35.000   35.000   12.500
 963  sd13   332.07  -35.000   35.000   12.500
 964  sd13   335.55  -35.000   35.000   12.500
 965  qp8    335.71  -35.000   35.000   12.500
 966  qp8    335.87  -35.000   35.000   12.500
 967  sd2    336.26  -35.000   35.000   12.500
 968  sx6    336.26  -35.000   35.000   12.500
 969  sd3    336.46  -35.000   35.000   12.500
 970  qp7    336.69  -35.000   35.000   12.500
 971  qp7    336.92  -35.000   35.000   12.500
 972  sd4    337.31  -35.000   35.000   12.500
 973  sx5    337.31  -35.000   35.000   12.500
 974  sd5    337.51  -35.000   35.000   12.500
 975  qp6    337.67  -35.000   35.000   12.500
 976  qp6    337.83  -35.000   35.000   12.500
 977  sd7    338.27  -35.000   35.000   12.500
 978  bend2  338.44  -35.000   35.000   12.500
 979  bend3  338.62  -35.000   35.000   12.500
 980  bend3  338.80  -35.000   35.000   12.500
 981  bend3  338.97  -35.000   35.000   12.500
 982  bend3  339.15  -35.000   35.000   12.500
 983  bend4  339.32  -35.000   35.000   12.500
 984  sd7    339.76  -35.000   35.000   12.500
 985  qp4    339.92  -35.000   35.000   12.500
 986  qp4    340.08  -35.000   35.000   12.500
 987  sd8    340.28  -35.000   35.000   12.500
 988  sx3    340.28  -35.000   35.000   12.500
 989  sd9    340.76  -35.000   35.000   12.500
 990  qp5    340.92  -35.000   35.000   12.500
 991  qp5    341.08  -35.000   35.000   12.500
 992  sd10   341.55  -35.000   35.000   12.500
 993  sx4    341.55  -35.000   35.000   12.500
 994  sd12   342.02  -35.000   35.000   12.500
 995  qp5    342.18  -35.000   35.000   12.500
 996  qp5    342.34  -35.000   35.000   12.500
 997  sd9    342.81  -35.000   35.000   12.500
 998  sx3    342.81  -35.000   35.000   12.500
 999  sd8    343.01  -35.000   35.000   12.500
1000  qp4    343.17  -35.000   35.000   12.500
1001  qp4    343.33  -35.000   35.000   12.500
1002  sd7    343.77  -35.000   35.000   12.500
1003  bend2  343.95  -35.000   35.000   12.500
1004  bend3  344.13  -35.000   35.000   12.500
1005  bend3  344.30  -35.000   35.000   12.500
1006  bend3  344.48  -35.000   35.000   12.500
1007  bend3  344.65  -35.000   35.000   12.500
1008  bend4  344.83  -35.000   35.000   12.500
1009  sd6    345.62  -35.000   35.000   12.500
1010  sx2    345.62  -35.000   35.000   12.500
1011  sd5    345.82  -35.000   35.000   12.500
1012  qp3    345.98  -35.000   35.000   12.500
1013  qp3    346.14  -35.000   35.000   12.500
1014  sd14   346.73  -35.000   35.000   12.500
1015  qp2    346.96  -35.000   35.000   12.500
1016  qp2    347.19  -35.000   35.000   12.500
1017  sd3    347.39  -35.000   35.000   12.500
1018  sx1    347.39  -35.000   35.000   12.500
1019  sd2    347.78  -35.000   35.000   12.500
1020  qp1    347.94  -35.000   35.000   12.500
1021  qp1    348.10  -35.000   35.000   12.500
1022  sd1    354.10  -35.000   35.000   12.500
1023  cav    354.10  -35.000   35.000   12.500
1024  fin    354.10  -35.000   35.000   12.500
