# TRACY II v. SYNCHROTRON SOLEIL  -- Wed Mar 17 19:37:59 2004 
#  i        s         dp      s_lost  name_lost 
#
   1    0.00000    0.05100   81.38418 qp2            
   2    0.90000    0.05100   81.38418 qp2            
   3    0.90000    0.05100   81.38418 qp2            
   4    1.10000    0.05100   81.38418 qp2            
   5    1.30000    0.05100   81.38418 qp2            
   6    1.50000    0.05100   81.38418 qp2            
   7    1.50000    0.05100   81.38418 qp2            
   8    5.20000    0.05100   81.38418 qp2            
   9    5.20000    0.05100   81.38418 qp2            
  10    6.00000    0.05100   81.38418 qp2            
  11    6.16000    0.05100   81.38418 qp2            
  12    6.32000    0.05100   81.38418 qp2            
  13    6.71000    0.03600   34.04609 sdac2          
  14    6.71000    0.05100   81.38418 qp2            
  15    6.91000    0.05100   81.38418 qp2            
  16    7.14000    0.05100   81.38418 qp2            
  17    7.37000    0.05100   81.38418 qp2            
  18    7.96000    0.03600  233.32645 u20            
  19    8.12000    0.05100   81.38418 qp2            
  20    8.28000    0.05100   81.38418 qp2            
  21    8.48000    0.05100   81.38418 qp2            
  22    8.48000    0.05100   81.38418 qp2            
  23    9.27000    0.03600  233.32645 u20            
  24    9.44541    0.03600  233.32645 u20            
  25    9.62081    0.06000    9.62081 bend3          
  26    9.79622    0.06000    9.79622 bend3          
  27    9.97162    0.06000    9.97162 bend3          
  28   10.14703    0.06000   10.14703 bend3          
  29   10.32243    0.05500   33.84609 sdac2          
  30   10.76243    0.05500   95.66418 qp2            
  31   10.92243    0.05500  258.43254 qp2            
  32   11.08243    0.05500   95.66418 qp2            
  33   11.28243    0.05500   95.66418 qp2            
  34   11.28243    0.05500  258.43254 qp2            
  35   11.75877    0.03500   34.04609 sdac2          
  36   11.91877    0.05500  258.43254 qp2            
  37   12.07877    0.05500  258.43254 qp2            
  38   12.54877    0.05500   95.66418 qp2            
  39   12.54877    0.05500   95.66418 qp2            
  40   13.01877    0.05500   95.66418 qp2            
  41   13.17877    0.05500   95.66418 qp2            
  42   13.33877    0.05500   95.66418 qp2            
  43   13.81511    0.05500   95.66418 qp2            
  44   13.81511    0.05500   95.66418 qp2            
  45   14.01511    0.05500   95.66418 qp2            
  46   14.17511    0.05500   95.66418 qp2            
  47   14.33511    0.05500   95.66418 qp2            
  48   14.77511    0.05500   95.66418 qp2            
  49   14.95052    0.05500   95.66418 qp2            
  50   15.12592    0.06000   15.12592 bend3          
  51   15.30133    0.06000   15.30133 bend3          
  52   15.47673    0.06000   15.47673 bend3          
  53   15.65214    0.06000   15.65214 bend3          
  54   15.82754    0.06000   15.82754 bend4          
  55   16.26754    0.03600  299.61863 u20            
  56   16.42754    0.03600   34.04609 sdac2          
  57   16.58754    0.03600   34.04609 sdac2          
  58   16.78754    0.03600   34.04609 sdac2          
  59   16.78754    0.03600   34.04609 sdac2          
  60   17.17754    0.03600   34.04609 sdac2          
  61   17.40754    0.03600   34.04609 sdac2          
  62   17.63754    0.03600  233.32645 u20            
  63   17.83754    0.03600   34.04609 sdac2          
  64   17.83754    0.03600  233.32645 u20            
  65   18.22754    0.03600  233.32645 u20            
  66   18.38754    0.03600  233.32645 u20            
  67   18.54754    0.03600  233.32645 u20            
  68   19.28009    0.03600  233.32645 u20            
  69   19.28009    0.03600  233.32645 u20            
  70   19.48009    0.03600  233.32645 u20            
  71   19.68009    0.03600  233.32645 u20            
  72   19.88009    0.03600  233.32645 u20            
  73   20.08009    0.03600  233.32645 u20            
  74   20.28009    0.03600  233.32645 u20            
  75   20.48009    0.03600  233.32645 u20            
  76   20.68009    0.03600  233.32645 u20            
  77   20.88009    0.03600  233.32645 u20            
  78   21.08009    0.03600  233.32645 u20            
  79   21.28009    0.03600  233.32645 u20            
  80   21.48009    0.03600  233.32645 u20            
  81   21.68009    0.03600  233.32645 u20            
  82   21.88009    0.03600  233.32645 u20            
  83   22.03009    0.03600  233.32645 u20            
  84   22.18009    0.03600  233.32645 u20            
  85   22.38009    0.03600  233.32645 u20            
  86   22.58009    0.03600  233.32645 u20            
  87   22.78009    0.03600  233.32645 u20            
  88   22.98009    0.03600  233.32645 u20            
  89   23.18009    0.03600  233.32645 u20            
  90   23.38009    0.03600  233.32645 u20            
  91   23.58009    0.03600  233.32645 u20            
  92   23.78009    0.03600  233.32645 u20            
  93   23.98009    0.03600  233.32645 u20            
  94   24.18009    0.03600  233.32645 u20            
  95   24.38009    0.03600  233.32645 u20            
  96   24.58009    0.03600  233.32645 u20            
  97   24.78009    0.03600  233.32645 u20            
  98   24.78009    0.03600  233.32645 u20            
  99   24.78009    0.03600  233.32645 u20            
 100   25.51264    0.03600  233.32645 u20            
 101   25.67264    0.03600   34.04609 sdac2          
 102   25.83264    0.03600  299.61863 u20            
 103   26.22264    0.03600   34.04609 sdac2          
 104   26.22264    0.03600   34.04609 sdac2          
 105   26.42264    0.03600   34.04609 sdac2          
 106   26.65264    0.03600   34.04609 sdac2          
 107   26.88264    0.03600   34.04609 sdac2          
 108   27.27264    0.03600  233.32645 u20            
 109   27.27264    0.03600  233.32645 u20            
 110   27.47264    0.03600  233.32645 u20            
 111   27.63264    0.03600  233.32645 u20            
 112   27.79264    0.03600  233.32645 u20            
 113   28.23264    0.03600   34.04609 sdac2          
 114   28.40805    0.03600  233.32645 u20            
 115   28.58345    0.06000   28.58345 bend3          
 116   28.75886    0.06000   28.75886 bend3          
 117   28.93426    0.06000   28.93426 bend3          
 118   29.10966    0.06000   29.10966 bend3          
 119   29.28507    0.06000   29.28507 bend4          
 120   29.72507    0.06000   29.72507 sd7            
 121   29.88507    0.06000   29.88507 qp9            
 122   30.04507    0.06000   30.04507 qp9            
 123   30.24507    0.06000   30.24507 sd8            
 124   30.24507    0.06000   30.24507 sx9            
 125   30.72141    0.03400   34.04609 sdac2          
 126   30.88141    0.06000   30.88141 qp10           
 127   31.04141    0.06000   31.04141 qp10           
 128   31.24141    0.06000   31.24141 sd8            
 129   31.24141    0.06000   31.24141 sx10           
 130   32.24609    0.03400   33.84609 sdac2          
 131   32.24609    0.06000   32.24609 ssdac          
 132   32.44609    0.06000   32.44609 sdac2          
 133   32.64609    0.06000   32.64609 sdac2          
 134   32.84609    0.06000   32.84609 sdac2          
 135   33.04609    0.06000   33.04609 sdac2          
 136   33.24609    0.06000   33.24609 sdac2          
 137   33.44609    0.06000   33.44609 sdac2          
 138   33.64609    0.06000   33.64609 sdac2          
 139   33.84609    0.06000   33.84609 sdac2          
 140   34.04609    0.06000   34.04609 sdac2          
 141   34.04609    0.06000   34.04609 esdac          
 142   35.05077    0.03400   33.84609 sdac2          
 143   35.05077    0.06000   35.05077 sx10           
 144   35.25077    0.06000   35.25077 sd8            
 145   35.41077    0.06000   35.41077 qp10           
 146   35.57077    0.06000   35.57077 qp10           
 147   36.04711    0.03400   34.04609 sdac2          
 148   36.04711    0.06000   36.04711 sx9            
 149   36.24711    0.03400   34.04609 sdac2          
 150   36.40711    0.03400   34.04609 sdac2          
 151   36.56711    0.06000   36.56711 qp9            
 152   37.00711    0.06000   37.00711 sd7            
 153   37.18252    0.06000   37.18252 bend2          
 154   37.35792    0.06000   37.35792 bend3          
 155   37.53332    0.03300   34.04609 sdac2          
 156   37.70873    0.03300   34.04609 sdac2          
 157   37.88414    0.03300   34.04609 sdac2          
 158   38.05954    0.06000   38.05954 bend4          
 159   38.49954    0.05600   81.38418 qp2            
 160   38.65954    0.05600   81.38418 qp2            
 161   38.81954    0.05600   81.38418 qp2            
 162   39.01954    0.03500   34.04609 sdac2          
 163   39.01954    0.05600   81.38418 qp2            
 164   39.40954    0.03500   34.04609 sdac2          
 165   39.63954    0.03500  233.32645 u20            
 166   39.86954    0.03500  233.32645 u20            
 167   40.06954    0.03500  233.32645 u20            
 168   40.06954    0.03500  299.61863 u20            
 169   40.45954    0.03500  233.32645 u20            
 170   40.61954    0.05600   81.38418 qp2            
 171   40.77954    0.05600   81.38418 qp2            
 172   44.26209    0.03500  233.32645 u20            

   1    0.00000   -0.06000    0.00000 debut          
   2    0.90000   -0.06000    0.90000 sd1a           
   3    0.90000   -0.06000    0.90000 ssep           
   4    1.10000   -0.06000    1.10000 sep            
   5    1.30000   -0.06000    1.30000 sep            
   6    1.50000   -0.06000    1.50000 sep            
   7    1.50000   -0.06000    1.50000 esep           
   8    5.20000   -0.06000    5.20000 sd1c           
   9    5.20000   -0.06000    5.20000 ehu600         
  10    6.00000   -0.06000    6.00000 sd1d           
  11    6.16000   -0.06000    6.16000 qp1            
  12    6.32000   -0.06000    6.32000 qp1            
  13    6.71000   -0.06000    6.71000 sd2            
  14    6.71000   -0.06000    6.71000 sx1            
  15    6.91000   -0.06000    6.91000 sd3            
  16    7.14000   -0.06000    7.14000 qp2            
  17    7.37000   -0.06000    7.37000 qp2            
  18    7.96000   -0.06000    7.96000 sd14           
  19    8.12000   -0.06000    8.12000 qp3            
  20    8.28000   -0.06000    8.28000 qp3            
  21    8.48000   -0.06000    8.48000 sd5            
  22    8.48000   -0.06000    8.48000 sx2            
  23    9.27000   -0.06000    9.27000 sd6            
  24    9.44541   -0.06000    9.44541 bend2          
  25    9.62081   -0.06000    9.62081 bend3          
  26    9.79622   -0.06000    9.79622 bend3          
  27    9.97162   -0.06000    9.97162 bend3          
  28   10.14703   -0.05900   57.48277 sd8            
  29   10.32243   -0.05400  189.12713 qp5            
  30   10.76243   -0.04700   12.07877 qp5            
  31   10.92243   -0.04600  342.01795 sd12           
  32   11.08243   -0.04700   12.07877 qp5            
  33   11.28243   -0.04600  342.01795 sd12           
  34   11.28243   -0.04600  100.60295 qp5            
  35   11.75877   -0.04600  189.12713 qp5            
  36   11.91877   -0.04700   12.07877 qp5            
  37   12.07877   -0.04700   12.07877 qp5            
  38   12.54877   -0.04700   12.07877 qp5            
  39   12.54877   -0.04600  341.07795 qp5            
  40   13.01877   -0.04600  252.55377 qp5            
  41   13.17877   -0.04700   12.07877 qp5            
  42   13.33877   -0.04600  100.60295 qp5            
  43   13.81511   -0.04700   12.07877 qp5            
  44   13.81511   -0.04600  341.07795 qp5            
  45   14.01511   -0.04700   12.07877 qp5            
  46   14.17511   -0.04600  342.01795 sd12           
  47   14.33511   -0.04600  342.01795 sd12           
  48   14.77511   -0.04700   12.07877 qp5            
  49   14.95052   -0.04600  342.01795 sd12           
  50   15.12592   -0.04900   12.07877 qp5            
  51   15.30133   -0.05200  296.61395 qp10           
  52   15.47673   -0.05600  296.61395 qp10           
  53   15.65214   -0.06000   15.65214 bend3          
  54   15.82754   -0.06000   15.82754 bend4          
  55   16.26754   -0.06000   16.26754 sd7            
  56   16.42754   -0.06000   16.42754 qp6            
  57   16.58754   -0.06000   16.58754 qp6            
  58   16.78754   -0.06000   16.78754 sd5            
  59   16.78754   -0.06000   16.78754 sx5            
  60   17.17754   -0.06000   17.17754 sd4            
  61   17.40754   -0.06000   17.40754 qp7            
  62   17.63754   -0.06000   17.63754 qp7            
  63   17.83754   -0.06000   17.83754 sd3            
  64   17.83754   -0.06000   17.83754 sx6            
  65   18.22754   -0.06000   18.22754 sd2            
  66   18.38754   -0.06000   18.38754 qp8            
  67   18.54754   -0.06000   18.54754 qp8            
  68   19.28009   -0.06000   19.28009 sd13c          
  69   19.28009   -0.06000   19.28009 ssdm           
  70   19.48009   -0.06000   19.48009 sd13a          
  71   19.68009   -0.06000   19.68009 sd13a          
  72   19.88009   -0.06000   19.88009 sd13a          
  73   20.08009   -0.06000   20.08009 sd13a          
  74   20.28009   -0.06000   20.28009 sd13a          
  75   20.48009   -0.06000   20.48009 sd13a          
  76   20.68009   -0.06000   20.68009 sd13a          
  77   20.88009   -0.06000   20.88009 sd13a          
  78   21.08009   -0.06000   21.08009 sd13a          
  79   21.28009   -0.06000   21.28009 sd13a          
  80   21.48009   -0.06000   21.48009 sd13a          
  81   21.68009   -0.06000   21.68009 sd13a          
  82   21.88009   -0.06000   21.88009 sd13a          
  83   22.03009   -0.06000   22.03009 sd13b          
  84   22.18009   -0.06000   22.18009 sd13b          
  85   22.38009   -0.06000   22.38009 sd13a          
  86   22.58009   -0.06000   22.58009 sd13a          
  87   22.78009   -0.06000   22.78009 sd13a          
  88   22.98009   -0.06000   22.98009 sd13a          
  89   23.18009   -0.06000   23.18009 sd13a          
  90   23.38009   -0.06000   23.38009 sd13a          
  91   23.58009   -0.06000   23.58009 sd13a          
  92   23.78009   -0.06000   23.78009 sd13a          
  93   23.98009   -0.06000   23.98009 sd13a          
  94   24.18009   -0.06000   24.18009 sd13a          
  95   24.38009   -0.06000   24.38009 sd13a          
  96   24.58009   -0.06000   24.58009 sd13a          
  97   24.78009   -0.06000   24.78009 sd13a          
  98   24.78009   -0.06000   24.78009 esdm           
  99   24.78009   -0.06000   24.78009 eesdm          
 100   25.51264   -0.06000   25.51264 sd13c          
 101   25.67264   -0.06000   25.67264 qp8            
 102   25.83264   -0.06000   25.83264 qp8            
 103   26.22264   -0.06000   26.22264 sd2            
 104   26.22264   -0.06000   26.22264 sx8            
 105   26.42264   -0.06000   26.42264 sd3            
 106   26.65264   -0.06000   26.65264 qp7            
 107   26.88264   -0.06000   26.88264 qp7            
 108   27.27264   -0.06000   27.27264 sd4            
 109   27.27264   -0.06000   27.27264 sx7            
 110   27.47264   -0.06000   27.47264 sd5            
 111   27.63264   -0.06000   27.63264 qp6            
 112   27.79264   -0.06000   27.79264 qp6            
 113   28.23264   -0.06000   28.23264 sd7            
 114   28.40805   -0.06000   28.40805 bend2          
 115   28.58345   -0.06000   28.58345 bend3          
 116   28.75886   -0.06000   28.75886 bend3          
 117   28.93426   -0.06000   28.93426 bend3          
 118   29.10966   -0.05100  296.61395 qp10           
 119   29.28507   -0.04300  100.60295 qp5            
 120   29.72507   -0.03400   32.24609 ssdac          
 121   29.88507   -0.03700  100.44295 qp5            
 122   30.04507   -0.03700  100.44295 qp5            
 123   30.24507   -0.03400   32.24609 ssdac          
 124   30.24507   -0.03400   32.24609 ssdac          
 125   30.72141   -0.03500   34.04609 sdac2          
 126   30.88141   -0.03500   34.04609 sdac2          
 127   31.04141   -0.03500   33.84609 sdac2          
 128   31.24141   -0.03400   32.24609 ssdac          
 129   31.24141   -0.03400   32.24609 ssdac          
 130   32.24609   -0.03400   32.24609 ssdac          
 131   32.24609   -0.03700  100.44295 qp5            
 132   32.44609   -0.03700  100.44295 qp5            
 133   32.64609   -0.03700  100.44295 qp5            
 134   32.84609   -0.03700  100.44295 qp5            
 135   33.04609   -0.03700  100.44295 qp5            
 136   33.24609   -0.03700  100.44295 qp5            
 137   33.44609   -0.03700  100.44295 qp5            
 138   33.64609   -0.03700  100.44295 qp5            
 139   33.84609   -0.03700  100.44295 qp5            
 140   34.04609   -0.03700  100.44295 qp5            
 141   34.04609   -0.03700  100.44295 qp5            
 142   35.05077   -0.03400   32.24609 ssdac          
 143   35.05077   -0.03700  100.44295 qp5            
 144   35.25077   -0.03500   33.84609 sdac2          
 145   35.41077   -0.03500   34.04609 sdac2          
 146   35.57077   -0.03400   32.24609 ssdac          
 147   36.04711   -0.03400   32.24609 ssdac          
 148   36.04711   -0.03400   32.24609 ssdac          
 149   36.24711   -0.03600  189.12713 qp5            
 150   36.40711   -0.03400   32.24609 ssdac          
 151   36.56711   -0.03400   32.24609 ssdac          
 152   37.00711   -0.03400   32.24609 ssdac          
 153   37.18252   -0.03700  100.44295 qp5            
 154   37.35792   -0.03700   34.04609 sdac2          
 155   37.53332   -0.04500  277.49131 qp5            
 156   37.70873   -0.05300  296.45395 qp10           
 157   37.88414   -0.06000   37.88414 bend3          
 158   38.05954   -0.06000   38.05954 bend4          
 159   38.49954   -0.04900   11.91877 qp5            
 160   38.65954   -0.04900   11.91877 qp5            
 161   38.81954   -0.04900   11.91877 qp5            
 162   39.01954   -0.04700  100.60295 qp5            
 163   39.01954   -0.04900   11.91877 qp5            
 164   39.40954   -0.04900   12.07877 qp5            
 165   39.63954   -0.04900  208.08977 qp10           
 166   39.86954   -0.04800   12.07877 qp5            
 167   40.06954   -0.04800  164.96959 sd12           
 168   40.06954   -0.04800   12.07877 qp5            
 169   40.45954   -0.04900  208.08977 qp10           
 170   40.61954   -0.04900  208.08977 qp10           
 171   40.77954   -0.04900  208.08977 qp10           
 172   44.26209   -0.04100   34.04609 sdac2          
